<?xml version="1.0" encoding="UTF-8"?>
<coverage generated="1775821297831" clover="3.2.0">
  <project timestamp="1775821297831" name="All files">
    <metrics statements="138" coveredstatements="122" conditionals="114" coveredconditionals="92" methods="43" coveredmethods="38" elements="295" coveredelements="252" complexity="0" loc="138" ncloc="138" packages="4" files="6" classes="6"/>
    <package name="__tests__.fixtures">
      <metrics statements="15" coveredstatements="15" conditionals="3" coveredconditionals="0" methods="1" coveredmethods="0"/>
      <file name="dealerFixtures.js" path="C:\New folder (13)\moneygram\src\__tests__\fixtures\dealerFixtures.js">
        <metrics statements="15" coveredstatements="15" conditionals="3" coveredconditionals="0" methods="1" coveredmethods="0"/>
        <line num="8" count="4" type="stmt"/>
        <line num="18" count="4" type="stmt"/>
        <line num="24" count="4" type="stmt"/>
        <line num="33" count="4" type="stmt"/>
        <line num="42" count="4" type="stmt"/>
        <line num="45" count="4" type="stmt"/>
        <line num="56" count="4" type="stmt"/>
        <line num="67" count="4" type="stmt"/>
        <line num="77" count="4" type="stmt"/>
        <line num="83" count="4" type="stmt"/>
        <line num="90" count="4" type="stmt"/>
        <line num="115" count="4" type="stmt"/>
        <line num="145" count="4" type="cond" truecount="0" falsecount="1"/>
        <line num="159" count="4" type="stmt"/>
        <line num="168" count="4" type="stmt"/>
      </file>
    </package>
    <package name="context">
      <metrics statements="35" coveredstatements="20" conditionals="17" coveredconditionals="11" methods="7" coveredmethods="3"/>
      <file name="ExchangeContext.jsx" path="C:\New folder (13)\moneygram\src\context\ExchangeContext.jsx">
        <metrics statements="18" coveredstatements="18" conditionals="11" coveredconditionals="11" methods="3" coveredmethods="3"/>
        <line num="3" count="1" type="stmt"/>
        <line num="5" count="1" type="stmt"/>
        <line num="14" count="7" type="stmt"/>
        <line num="15" count="7" type="stmt"/>
        <line num="16" count="7" type="cond" truecount="2" falsecount="0"/>
        <line num="17" count="7" type="cond" truecount="2" falsecount="0"/>
        <line num="18" count="7" type="cond" truecount="2" falsecount="0"/>
        <line num="20" count="7" type="stmt"/>
        <line num="22" count="7" type="stmt"/>
        <line num="23" count="7" type="stmt"/>
        <line num="26" count="7" type="cond" truecount="2" falsecount="0"/>
        <line num="30" count="7" type="stmt"/>
        <line num="42" count="7" type="stmt"/>
        <line num="49" count="1" type="stmt"/>
        <line num="50" count="9" type="stmt"/>
        <line num="51" count="9" type="cond" truecount="2" falsecount="0"/>
        <line num="52" count="2" type="stmt"/>
        <line num="54" count="7" type="stmt"/>
      </file>
      <file name="UserContext.jsx" path="C:\New folder (13)\moneygram\src\context\UserContext.jsx">
        <metrics statements="17" coveredstatements="2" conditionals="6" coveredconditionals="0" methods="4" coveredmethods="0"/>
        <line num="3" count="1" type="stmt"/>
        <line num="5" count="1" type="stmt"/>
        <line num="6" count="0" type="stmt"/>
        <line num="7" count="0" type="stmt"/>
        <line num="8" count="0" type="stmt"/>
        <line num="9" count="0" type="cond" truecount="0" falsecount="2"/>
        <line num="11" count="0" type="stmt"/>
        <line num="15" count="0" type="stmt"/>
        <line num="16" count="0" type="stmt"/>
        <line num="17" count="0" type="cond" truecount="0" falsecount="2"/>
        <line num="18" count="0" type="stmt"/>
        <line num="20" count="0" type="stmt"/>
        <line num="24" count="0" type="stmt"/>
        <line num="32" count="0" type="stmt"/>
        <line num="33" count="0" type="cond" truecount="0" falsecount="2"/>
        <line num="34" count="0" type="stmt"/>
        <line num="36" count="0" type="stmt"/>
      </file>
    </package>
    <package name="features.exchange.hooks">
      <metrics statements="75" coveredstatements="74" conditionals="82" coveredconditionals="70" methods="31" coveredmethods="31"/>
      <file name="useDenominationCalculator.js" path="C:\New folder (13)\moneygram\src\features\exchange\hooks\useDenominationCalculator.js">
        <metrics statements="41" coveredstatements="41" conditionals="36" coveredconditionals="27" methods="24" coveredmethods="24"/>
        <line num="4" count="25" type="stmt"/>
        <line num="5" count="25" type="cond" truecount="4" falsecount="0"/>
        <line num="6" count="16" type="stmt"/>
        <line num="7" count="149" type="stmt"/>
        <line num="8" count="16" type="stmt"/>
        <line num="9" count="149" type="stmt"/>
        <line num="10" count="149" type="stmt"/>
        <line num="11" count="149" type="cond" truecount="2" falsecount="0"/>
        <line num="12" count="149" type="stmt"/>
        <line num="14" count="16" type="stmt"/>
        <line num="17" count="1" type="stmt"/>
        <line num="18" count="48" type="stmt"/>
        <line num="19" count="48" type="stmt"/>
        <line num="20" count="48" type="stmt"/>
        <line num="21" count="48" type="stmt"/>
        <line num="23" count="48" type="stmt"/>
        <line num="24" count="15" type="cond" truecount="2" falsecount="2"/>
        <line num="25" count="15" type="cond" truecount="1" falsecount="1"/>
        <line num="26" count="15" type="stmt"/>
        <line num="27" count="15" type="cond" truecount="2" falsecount="2"/>
        <line num="31" count="48" type="stmt"/>
        <line num="33" count="199" type="stmt"/>
        <line num="34" count="48" type="cond" truecount="2" falsecount="0"/>
        <line num="35" count="48" type="stmt"/>
        <line num="36" count="48" type="stmt"/>
        <line num="38" count="48" type="stmt"/>
        <line num="39" count="43" type="cond" truecount="4" falsecount="0"/>
        <line num="41" count="48" type="stmt"/>
        <line num="42" count="36" type="cond" truecount="2" falsecount="0"/>
        <line num="44" count="48" type="stmt"/>
        <line num="46" count="48" type="cond" truecount="2" falsecount="2"/>
        <line num="48" count="199" type="stmt"/>
        <line num="49" count="404" type="cond" truecount="2" falsecount="2"/>
        <line num="51" count="48" type="stmt"/>
        <line num="53" count="48" type="stmt"/>
        <line num="54" count="5" type="stmt"/>
        <line num="55" count="5" type="cond" truecount="4" falsecount="0"/>
        <line num="56" count="1" type="stmt"/>
        <line num="57" count="1" type="stmt"/>
        <line num="58" count="1" type="stmt"/>
        <line num="61" count="48" type="stmt"/>
      </file>
      <file name="useExchangeCalculation.js" path="C:\New folder (13)\moneygram\src\features\exchange\hooks\useExchangeCalculation.js">
        <metrics statements="34" coveredstatements="33" conditionals="46" coveredconditionals="43" methods="7" coveredmethods="7"/>
        <line num="4" count="1" type="stmt"/>
        <line num="5" count="29" type="stmt"/>
        <line num="7" count="1" type="stmt"/>
        <line num="15" count="42" type="stmt"/>
        <line num="16" count="42" type="stmt"/>
        <line num="17" count="42" type="stmt"/>
        <line num="18" count="42" type="cond" truecount="2" falsecount="0"/>
        <line num="19" count="42" type="stmt"/>
        <line num="24" count="42" type="stmt"/>
        <line num="25" count="20" type="cond" truecount="2" falsecount="0"/>
        <line num="29" count="42" type="stmt"/>
        <line num="30" count="37" type="cond" truecount="2" falsecount="0"/>
        <line num="31" count="16" type="cond" truecount="2" falsecount="0"/>
        <line num="32" count="7" type="stmt"/>
        <line num="33" count="7" type="cond" truecount="4" falsecount="0"/>
        <line num="35" count="9" type="cond" truecount="3" falsecount="1"/>
        <line num="36" count="7" type="cond" truecount="2" falsecount="2"/>
        <line num="37" count="0" type="stmt"/>
        <line num="41" count="42" type="stmt"/>
        <line num="42" count="36" type="cond" truecount="4" falsecount="0"/>
        <line num="43" count="12" type="cond" truecount="4" falsecount="0"/>
        <line num="45" count="8" type="stmt"/>
        <line num="46" count="8" type="cond" truecount="2" falsecount="0"/>
        <line num="49" count="7" type="stmt"/>
        <line num="51" count="8" type="cond" truecount="2" falsecount="0"/>
        <line num="54" count="1" type="stmt"/>
        <line num="57" count="8" type="stmt"/>
        <line num="66" count="42" type="stmt"/>
        <line num="67" count="32" type="cond" truecount="4" falsecount="0"/>
        <line num="68" count="11" type="cond" truecount="2" falsecount="0"/>
        <line num="72" count="42" type="stmt"/>
        <line num="73" count="37" type="cond" truecount="2" falsecount="0"/>
        <line num="74" count="35" type="stmt"/>
        <line num="84" count="42" type="stmt"/>
      </file>
    </package>
    <package name="hooks">
      <metrics statements="13" coveredstatements="13" conditionals="12" coveredconditionals="11" methods="4" coveredmethods="4"/>
      <file name="useStockValidation.js" path="C:\New folder (13)\moneygram\src\hooks\useStockValidation.js">
        <metrics statements="13" coveredstatements="13" conditionals="12" coveredconditionals="11" methods="4" coveredmethods="4"/>
        <line num="4" count="1" type="stmt"/>
        <line num="17" count="10" type="cond" truecount="4" falsecount="0"/>
        <line num="19" count="19" type="stmt"/>
        <line num="21" count="7" type="stmt"/>
        <line num="30" count="7" type="cond" truecount="2" falsecount="0"/>
        <line num="32" count="6" type="stmt"/>
        <line num="33" count="6" type="cond" truecount="1" falsecount="1"/>
        <line num="36" count="6" type="stmt"/>
        <line num="37" count="6" type="stmt"/>
        <line num="38" count="8" type="cond" truecount="2" falsecount="0"/>
        <line num="42" count="6" type="stmt"/>
        <line num="43" count="16" type="cond" truecount="2" falsecount="0"/>
        <line num="46" count="6" type="stmt"/>
      </file>
    </package>
  </project>
</coverage>
