{"C:\\New folder (13)\\moneygram\\src\\__tests__\\fixtures\\dealerFixtures.js": {"path":"C:\\New folder (13)\\moneygram\\src\\__tests__\\fixtures\\dealerFixtures.js","statementMap":{"0":{"start":{"line":8,"column":31},"end":{"line":15,"column":1}},"1":{"start":{"line":18,"column":30},"end":{"line":21,"column":1}},"2":{"start":{"line":24,"column":33},"end":{"line":31,"column":1}},"3":{"start":{"line":33,"column":33},"end":{"line":40,"column":1}},"4":{"start":{"line":42,"column":41},"end":{"line":42,"column":79}},"5":{"start":{"line":45,"column":35},"end":{"line":53,"column":1}},"6":{"start":{"line":56,"column":35},"end":{"line":64,"column":1}},"7":{"start":{"line":67,"column":37},"end":{"line":74,"column":1}},"8":{"start":{"line":77,"column":42},"end":{"line":81,"column":1}},"9":{"start":{"line":83,"column":44},"end":{"line":87,"column":1}},"10":{"start":{"line":90,"column":41},"end":{"line":112,"column":1}},"11":{"start":{"line":115,"column":42},"end":{"line":142,"column":1}},"12":{"start":{"line":145,"column":33},"end":{"line":156,"column":2}},"13":{"start":{"line":145,"column":54},"end":{"line":156,"column":1}},"14":{"start":{"line":159,"column":41},"end":{"line":166,"column":1}},"15":{"start":{"line":168,"column":39},"end":{"line":171,"column":1}}},"fnMap":{"0":{"name":"(anonymous_0)","decl":{"start":{"line":145,"column":33},"end":{"line":145,"column":34}},"loc":{"start":{"line":145,"column":54},"end":{"line":156,"column":1}},"line":145}},"branchMap":{"0":{"loc":{"start":{"line":145,"column":34},"end":{"line":145,"column":48}},"type":"default-arg","locations":[{"start":{"line":145,"column":44},"end":{"line":145,"column":48}}],"line":145},"1":{"loc":{"start":{"line":148,"column":13},"end":{"line":154,"column":10}},"type":"cond-expr","locations":[{"start":{"line":149,"column":8},"end":{"line":153,"column":9}},{"start":{"line":154,"column":8},"end":{"line":154,"column":10}}],"line":148}},"s":{"0":4,"1":4,"2":4,"3":4,"4":4,"5":4,"6":4,"7":4,"8":4,"9":4,"10":4,"11":4,"12":4,"13":0,"14":4,"15":4},"f":{"0":0},"b":{"0":[0],"1":[0,0]},"_coverageSchema":"1a1c01bbd47fc00a2c39e90264f33305004495a9","hash":"9d17f29e7051293bbbe661f4493e60a173156499"}
,"C:\\New folder (13)\\moneygram\\src\\context\\ExchangeContext.jsx": {"path":"C:\\New folder (13)\\moneygram\\src\\context\\ExchangeContext.jsx","statementMap":{"0":{"start":{"line":3,"column":24},"end":{"line":3,"column":43}},"1":{"start":{"line":5,"column":32},"end":{"line":47,"column":1}},"2":{"start":{"line":14,"column":2},"end":{"line":14,"column":62}},"3":{"start":{"line":15,"column":23},"end":{"line":40,"column":23}},"4":{"start":{"line":16,"column":25},"end":{"line":16,"column":59}},"5":{"start":{"line":17,"column":25},"end":{"line":17,"column":57}},"6":{"start":{"line":18,"column":25},"end":{"line":18,"column":55}},"7":{"start":{"line":20,"column":37},"end":{"line":20,"column":43}},"8":{"start":{"line":22,"column":23},"end":{"line":22,"column":49}},"9":{"start":{"line":23,"column":23},"end":{"line":23,"column":43}},"10":{"start":{"line":26,"column":6},"end":{"line":28,"column":47}},"11":{"start":{"line":30,"column":4},"end":{"line":39,"column":6}},"12":{"start":{"line":42,"column":2},"end":{"line":46,"column":4}},"13":{"start":{"line":49,"column":27},"end":{"line":55,"column":1}},"14":{"start":{"line":50,"column":18},"end":{"line":50,"column":45}},"15":{"start":{"line":51,"column":2},"end":{"line":53,"column":3}},"16":{"start":{"line":52,"column":4},"end":{"line":52,"column":72}},"17":{"start":{"line":54,"column":2},"end":{"line":54,"column":17}}},"fnMap":{"0":{"name":"(anonymous_0)","decl":{"start":{"line":5,"column":32},"end":{"line":5,"column":33}},"loc":{"start":{"line":12,"column":6},"end":{"line":47,"column":1}},"line":12},"1":{"name":"(anonymous_1)","decl":{"start":{"line":15,"column":31},"end":{"line":15,"column":32}},"loc":{"start":{"line":15,"column":37},"end":{"line":40,"column":3}},"line":15},"2":{"name":"(anonymous_2)","decl":{"start":{"line":49,"column":27},"end":{"line":49,"column":28}},"loc":{"start":{"line":49,"column":33},"end":{"line":55,"column":1}},"line":49}},"branchMap":{"0":{"loc":{"start":{"line":8,"column":2},"end":{"line":11,"column":3}},"type":"default-arg","locations":[{"start":{"line":8,"column":11},"end":{"line":11,"column":3}}],"line":8},"1":{"loc":{"start":{"line":16,"column":32},"end":{"line":16,"column":58}},"type":"binary-expr","locations":[{"start":{"line":16,"column":32},"end":{"line":16,"column":53}},{"start":{"line":16,"column":57},"end":{"line":16,"column":58}}],"line":16},"2":{"loc":{"start":{"line":17,"column":32},"end":{"line":17,"column":56}},"type":"binary-expr","locations":[{"start":{"line":17,"column":32},"end":{"line":17,"column":51}},{"start":{"line":17,"column":55},"end":{"line":17,"column":56}}],"line":17},"3":{"loc":{"start":{"line":18,"column":25},"end":{"line":18,"column":55}},"type":"binary-expr","locations":[{"start":{"line":18,"column":25},"end":{"line":18,"column":46}},{"start":{"line":18,"column":50},"end":{"line":18,"column":55}}],"line":18},"4":{"loc":{"start":{"line":26,"column":6},"end":{"line":28,"column":47}},"type":"cond-expr","locations":[{"start":{"line":27,"column":10},"end":{"line":27,"column":47}},{"start":{"line":28,"column":10},"end":{"line":28,"column":47}}],"line":26},"5":{"loc":{"start":{"line":51,"column":2},"end":{"line":53,"column":3}},"type":"if","locations":[{"start":{"line":51,"column":2},"end":{"line":53,"column":3}},{"start":{},"end":{}}],"line":51}},"s":{"0":1,"1":1,"2":7,"3":7,"4":7,"5":7,"6":7,"7":7,"8":7,"9":7,"10":7,"11":7,"12":7,"13":1,"14":9,"15":9,"16":2,"17":7},"f":{"0":7,"1":7,"2":9},"b":{"0":[6],"1":[7,1],"2":[7,1],"3":[7,1],"4":[5,2],"5":[2,7]},"_coverageSchema":"1a1c01bbd47fc00a2c39e90264f33305004495a9","hash":"aa0cca742ae1d34edcc7a9140b506f4cd3645f9c"}
,"C:\\New folder (13)\\moneygram\\src\\context\\UserContext.jsx": {"path":"C:\\New folder (13)\\moneygram\\src\\context\\UserContext.jsx","statementMap":{"0":{"start":{"line":3,"column":20},"end":{"line":3,"column":39}},"1":{"start":{"line":5,"column":28},"end":{"line":29,"column":1}},"2":{"start":{"line":6,"column":31},"end":{"line":13,"column":4}},"3":{"start":{"line":7,"column":4},"end":{"line":12,"column":5}},"4":{"start":{"line":8,"column":21},"end":{"line":8,"column":60}},"5":{"start":{"line":9,"column":6},"end":{"line":9,"column":48}},"6":{"start":{"line":11,"column":6},"end":{"line":11,"column":18}},"7":{"start":{"line":15,"column":18},"end":{"line":22,"column":3}},"8":{"start":{"line":16,"column":4},"end":{"line":16,"column":27}},"9":{"start":{"line":17,"column":4},"end":{"line":21,"column":5}},"10":{"start":{"line":18,"column":6},"end":{"line":18,"column":72}},"11":{"start":{"line":20,"column":6},"end":{"line":20,"column":49}},"12":{"start":{"line":24,"column":2},"end":{"line":28,"column":4}},"13":{"start":{"line":32,"column":18},"end":{"line":32,"column":41}},"14":{"start":{"line":33,"column":2},"end":{"line":35,"column":3}},"15":{"start":{"line":34,"column":4},"end":{"line":34,"column":66}},"16":{"start":{"line":36,"column":2},"end":{"line":36,"column":17}}},"fnMap":{"0":{"name":"(anonymous_0)","decl":{"start":{"line":5,"column":28},"end":{"line":5,"column":29}},"loc":{"start":{"line":5,"column":46},"end":{"line":29,"column":1}},"line":5},"1":{"name":"(anonymous_1)","decl":{"start":{"line":6,"column":40},"end":{"line":6,"column":41}},"loc":{"start":{"line":6,"column":46},"end":{"line":13,"column":3}},"line":6},"2":{"name":"(anonymous_2)","decl":{"start":{"line":15,"column":18},"end":{"line":15,"column":19}},"loc":{"start":{"line":15,"column":32},"end":{"line":22,"column":3}},"line":15},"3":{"name":"useUser","decl":{"start":{"line":31,"column":16},"end":{"line":31,"column":23}},"loc":{"start":{"line":31,"column":27},"end":{"line":37,"column":1}},"line":31}},"branchMap":{"0":{"loc":{"start":{"line":9,"column":13},"end":{"line":9,"column":47}},"type":"cond-expr","locations":[{"start":{"line":9,"column":22},"end":{"line":9,"column":40}},{"start":{"line":9,"column":43},"end":{"line":9,"column":47}}],"line":9},"1":{"loc":{"start":{"line":17,"column":4},"end":{"line":21,"column":5}},"type":"if","locations":[{"start":{"line":17,"column":4},"end":{"line":21,"column":5}},{"start":{"line":19,"column":11},"end":{"line":21,"column":5}}],"line":17},"2":{"loc":{"start":{"line":33,"column":2},"end":{"line":35,"column":3}},"type":"if","locations":[{"start":{"line":33,"column":2},"end":{"line":35,"column":3}},{"start":{},"end":{}}],"line":33}},"s":{"0":1,"1":1,"2":0,"3":0,"4":0,"5":0,"6":0,"7":0,"8":0,"9":0,"10":0,"11":0,"12":0,"13":0,"14":0,"15":0,"16":0},"f":{"0":0,"1":0,"2":0,"3":0},"b":{"0":[0,0],"1":[0,0],"2":[0,0]},"_coverageSchema":"1a1c01bbd47fc00a2c39e90264f33305004495a9","hash":"8f6ecf73c7b2a52f834244e5353f295c3a07c0b3"}
,"C:\\New folder (13)\\moneygram\\src\\features\\exchange\\hooks\\useDenominationCalculator.js": {"path":"C:\\New folder (13)\\moneygram\\src\\features\\exchange\\hooks\\useDenominationCalculator.js","statementMap":{"0":{"start":{"line":4,"column":15},"end":{"line":4,"column":17}},"1":{"start":{"line":5,"column":2},"end":{"line":5,"column":46}},"2":{"start":{"line":5,"column":34},"end":{"line":5,"column":46}},"3":{"start":{"line":6,"column":18},"end":{"line":6,"column":54}},"4":{"start":{"line":7,"column":23},"end":{"line":7,"column":86}},"5":{"start":{"line":7,"column":44},"end":{"line":7,"column":63}},"6":{"start":{"line":7,"column":80},"end":{"line":7,"column":85}},"7":{"start":{"line":8,"column":2},"end":{"line":13,"column":3}},"8":{"start":{"line":8,"column":15},"end":{"line":8,"column":16}},"9":{"start":{"line":9,"column":18},"end":{"line":9,"column":33}},"10":{"start":{"line":10,"column":18},"end":{"line":10,"column":44}},"11":{"start":{"line":11,"column":4},"end":{"line":11,"column":83}},"12":{"start":{"line":12,"column":4},"end":{"line":12,"column":28}},"13":{"start":{"line":14,"column":2},"end":{"line":14,"column":14}},"14":{"start":{"line":17,"column":41},"end":{"line":79,"column":1}},"15":{"start":{"line":18,"column":26},"end":{"line":18,"column":38}},"16":{"start":{"line":19,"column":40},"end":{"line":19,"column":52}},"17":{"start":{"line":20,"column":38},"end":{"line":20,"column":53}},"18":{"start":{"line":21,"column":18},"end":{"line":21,"column":28}},"19":{"start":{"line":23,"column":2},"end":{"line":29,"column":45}},"20":{"start":{"line":24,"column":16},"end":{"line":24,"column":89}},"21":{"start":{"line":25,"column":4},"end":{"line":28,"column":5}},"22":{"start":{"line":26,"column":6},"end":{"line":26,"column":28}},"23":{"start":{"line":27,"column":6},"end":{"line":27,"column":73}},"24":{"start":{"line":31,"column":2},"end":{"line":31,"column":67}},"25":{"start":{"line":31,"column":20},"end":{"line":31,"column":41}},"26":{"start":{"line":33,"column":25},"end":{"line":33,"column":92}},"27":{"start":{"line":33,"column":39},"end":{"line":33,"column":83}},"28":{"start":{"line":33,"column":60},"end":{"line":33,"column":79}},"29":{"start":{"line":34,"column":25},"end":{"line":34,"column":61}},"30":{"start":{"line":35,"column":25},"end":{"line":35,"column":52}},"31":{"start":{"line":36,"column":25},"end":{"line":36,"column":42}},"32":{"start":{"line":38,"column":22},"end":{"line":39,"column":93}},"33":{"start":{"line":39,"column":4},"end":{"line":39,"column":88}},"34":{"start":{"line":39,"column":17},"end":{"line":39,"column":87}},"35":{"start":{"line":39,"column":28},"end":{"line":39,"column":86}},"36":{"start":{"line":41,"column":15},"end":{"line":42,"column":86}},"37":{"start":{"line":42,"column":4},"end":{"line":42,"column":81}},"38":{"start":{"line":42,"column":17},"end":{"line":42,"column":80}},"39":{"start":{"line":42,"column":28},"end":{"line":42,"column":79}},"40":{"start":{"line":44,"column":20},"end":{"line":44,"column":83}},"41":{"start":{"line":44,"column":40},"end":{"line":44,"column":78}},"42":{"start":{"line":44,"column":53},"end":{"line":44,"column":77}},"43":{"start":{"line":44,"column":67},"end":{"line":44,"column":76}},"44":{"start":{"line":46,"column":16},"end":{"line":46,"column":131}},"45":{"start":{"line":46,"column":34},"end":{"line":46,"column":100}},"46":{"start":{"line":48,"column":25},"end":{"line":48,"column":56}},"47":{"start":{"line":48,"column":47},"end":{"line":48,"column":54}},"48":{"start":{"line":49,"column":25},"end":{"line":49,"column":93}},"49":{"start":{"line":49,"column":70},"end":{"line":49,"column":92}},"50":{"start":{"line":51,"column":20},"end":{"line":51,"column":92}},"51":{"start":{"line":51,"column":39},"end":{"line":51,"column":87}},"52":{"start":{"line":51,"column":52},"end":{"line":51,"column":86}},"53":{"start":{"line":53,"column":20},"end":{"line":59,"column":19}},"54":{"start":{"line":54,"column":14},"end":{"line":54,"column":37}},"55":{"start":{"line":55,"column":4},"end":{"line":55,"column":29}},"56":{"start":{"line":55,"column":22},"end":{"line":55,"column":29}},"57":{"start":{"line":56,"column":4},"end":{"line":56,"column":62}},"58":{"start":{"line":56,"column":17},"end":{"line":56,"column":60}},"59":{"start":{"line":57,"column":4},"end":{"line":57,"column":23}},"60":{"start":{"line":58,"column":4},"end":{"line":58,"column":25}},"61":{"start":{"line":61,"column":2},"end":{"line":78,"column":4}}},"fnMap":{"0":{"name":"buildRows","decl":{"start":{"line":3,"column":16},"end":{"line":3,"column":25}},"loc":{"start":{"line":3,"column":42},"end":{"line":15,"column":1}},"line":3},"1":{"name":"(anonymous_1)","decl":{"start":{"line":7,"column":39},"end":{"line":7,"column":40}},"loc":{"start":{"line":7,"column":44},"end":{"line":7,"column":63}},"line":7},"2":{"name":"(anonymous_2)","decl":{"start":{"line":7,"column":70},"end":{"line":7,"column":71}},"loc":{"start":{"line":7,"column":80},"end":{"line":7,"column":85}},"line":7},"3":{"name":"(anonymous_3)","decl":{"start":{"line":17,"column":41},"end":{"line":17,"column":42}},"loc":{"start":{"line":17,"column":101},"end":{"line":79,"column":1}},"line":17},"4":{"name":"(anonymous_4)","decl":{"start":{"line":23,"column":12},"end":{"line":23,"column":13}},"loc":{"start":{"line":23,"column":18},"end":{"line":29,"column":3}},"line":23},"5":{"name":"(anonymous_5)","decl":{"start":{"line":31,"column":12},"end":{"line":31,"column":13}},"loc":{"start":{"line":31,"column":18},"end":{"line":31,"column":43}},"line":31},"6":{"name":"(anonymous_6)","decl":{"start":{"line":33,"column":33},"end":{"line":33,"column":34}},"loc":{"start":{"line":33,"column":39},"end":{"line":33,"column":83}},"line":33},"7":{"name":"(anonymous_7)","decl":{"start":{"line":33,"column":51},"end":{"line":33,"column":52}},"loc":{"start":{"line":33,"column":60},"end":{"line":33,"column":79}},"line":33},"8":{"name":"(anonymous_8)","decl":{"start":{"line":38,"column":34},"end":{"line":38,"column":35}},"loc":{"start":{"line":39,"column":4},"end":{"line":39,"column":88}},"line":39},"9":{"name":"(anonymous_9)","decl":{"start":{"line":39,"column":12},"end":{"line":39,"column":13}},"loc":{"start":{"line":39,"column":17},"end":{"line":39,"column":87}},"line":39},"10":{"name":"(anonymous_10)","decl":{"start":{"line":39,"column":23},"end":{"line":39,"column":24}},"loc":{"start":{"line":39,"column":28},"end":{"line":39,"column":86}},"line":39},"11":{"name":"(anonymous_11)","decl":{"start":{"line":41,"column":27},"end":{"line":41,"column":28}},"loc":{"start":{"line":42,"column":4},"end":{"line":42,"column":81}},"line":42},"12":{"name":"(anonymous_12)","decl":{"start":{"line":42,"column":12},"end":{"line":42,"column":13}},"loc":{"start":{"line":42,"column":17},"end":{"line":42,"column":80}},"line":42},"13":{"name":"(anonymous_13)","decl":{"start":{"line":42,"column":23},"end":{"line":42,"column":24}},"loc":{"start":{"line":42,"column":28},"end":{"line":42,"column":79}},"line":42},"14":{"name":"(anonymous_14)","decl":{"start":{"line":44,"column":32},"end":{"line":44,"column":33}},"loc":{"start":{"line":44,"column":40},"end":{"line":44,"column":78}},"line":44},"15":{"name":"(anonymous_15)","decl":{"start":{"line":44,"column":48},"end":{"line":44,"column":49}},"loc":{"start":{"line":44,"column":53},"end":{"line":44,"column":77}},"line":44},"16":{"name":"(anonymous_16)","decl":{"start":{"line":44,"column":62},"end":{"line":44,"column":63}},"loc":{"start":{"line":44,"column":67},"end":{"line":44,"column":76}},"line":44},"17":{"name":"(anonymous_17)","decl":{"start":{"line":46,"column":28},"end":{"line":46,"column":29}},"loc":{"start":{"line":46,"column":34},"end":{"line":46,"column":100}},"line":46},"18":{"name":"(anonymous_18)","decl":{"start":{"line":48,"column":42},"end":{"line":48,"column":43}},"loc":{"start":{"line":48,"column":47},"end":{"line":48,"column":54}},"line":48},"19":{"name":"(anonymous_19)","decl":{"start":{"line":49,"column":65},"end":{"line":49,"column":66}},"loc":{"start":{"line":49,"column":70},"end":{"line":49,"column":92}},"line":49},"20":{"name":"(anonymous_20)","decl":{"start":{"line":51,"column":32},"end":{"line":51,"column":33}},"loc":{"start":{"line":51,"column":39},"end":{"line":51,"column":87}},"line":51},"21":{"name":"(anonymous_21)","decl":{"start":{"line":51,"column":47},"end":{"line":51,"column":48}},"loc":{"start":{"line":51,"column":52},"end":{"line":51,"column":86}},"line":51},"22":{"name":"(anonymous_22)","decl":{"start":{"line":53,"column":32},"end":{"line":53,"column":33}},"loc":{"start":{"line":53,"column":38},"end":{"line":59,"column":3}},"line":53},"23":{"name":"(anonymous_23)","decl":{"start":{"line":56,"column":12},"end":{"line":56,"column":13}},"loc":{"start":{"line":56,"column":17},"end":{"line":56,"column":60}},"line":56}},"branchMap":{"0":{"loc":{"start":{"line":5,"column":2},"end":{"line":5,"column":46}},"type":"if","locations":[{"start":{"line":5,"column":2},"end":{"line":5,"column":46}},{"start":{},"end":{}}],"line":5},"1":{"loc":{"start":{"line":5,"column":6},"end":{"line":5,"column":32}},"type":"binary-expr","locations":[{"start":{"line":5,"column":6},"end":{"line":5,"column":13}},{"start":{"line":5,"column":17},"end":{"line":5,"column":32}}],"line":5},"2":{"loc":{"start":{"line":11,"column":58},"end":{"line":11,"column":79}},"type":"cond-expr","locations":[{"start":{"line":11,"column":70},"end":{"line":11,"column":75}},{"start":{"line":11,"column":78},"end":{"line":11,"column":79}}],"line":11},"3":{"loc":{"start":{"line":24,"column":48},"end":{"line":24,"column":57}},"type":"binary-expr","locations":[{"start":{"line":24,"column":48},"end":{"line":24,"column":53}},{"start":{"line":24,"column":55},"end":{"line":24,"column":57}}],"line":24},"4":{"loc":{"start":{"line":24,"column":70},"end":{"line":24,"column":79}},"type":"binary-expr","locations":[{"start":{"line":24,"column":70},"end":{"line":24,"column":75}},{"start":{"line":24,"column":77},"end":{"line":24,"column":79}}],"line":24},"5":{"loc":{"start":{"line":25,"column":4},"end":{"line":28,"column":5}},"type":"if","locations":[{"start":{"line":25,"column":4},"end":{"line":28,"column":5}},{"start":{},"end":{}}],"line":25},"6":{"loc":{"start":{"line":27,"column":43},"end":{"line":27,"column":52}},"type":"binary-expr","locations":[{"start":{"line":27,"column":43},"end":{"line":27,"column":48}},{"start":{"line":27,"column":50},"end":{"line":27,"column":52}}],"line":27},"7":{"loc":{"start":{"line":27,"column":59},"end":{"line":27,"column":68}},"type":"binary-expr","locations":[{"start":{"line":27,"column":59},"end":{"line":27,"column":64}},{"start":{"line":27,"column":66},"end":{"line":27,"column":68}}],"line":27},"8":{"loc":{"start":{"line":34,"column":43},"end":{"line":34,"column":60}},"type":"binary-expr","locations":[{"start":{"line":34,"column":43},"end":{"line":34,"column":55}},{"start":{"line":34,"column":59},"end":{"line":34,"column":60}}],"line":34},"9":{"loc":{"start":{"line":39,"column":28},"end":{"line":39,"column":86}},"type":"cond-expr","locations":[{"start":{"line":39,"column":40},"end":{"line":39,"column":82}},{"start":{"line":39,"column":85},"end":{"line":39,"column":86}}],"line":39},"10":{"loc":{"start":{"line":39,"column":64},"end":{"line":39,"column":80}},"type":"binary-expr","locations":[{"start":{"line":39,"column":64},"end":{"line":39,"column":77}},{"start":{"line":39,"column":79},"end":{"line":39,"column":80}}],"line":39},"11":{"loc":{"start":{"line":42,"column":28},"end":{"line":42,"column":79}},"type":"cond-expr","locations":[{"start":{"line":42,"column":40},"end":{"line":42,"column":75}},{"start":{"line":42,"column":78},"end":{"line":42,"column":79}}],"line":42},"12":{"loc":{"start":{"line":46,"column":71},"end":{"line":46,"column":80}},"type":"binary-expr","locations":[{"start":{"line":46,"column":71},"end":{"line":46,"column":76}},{"start":{"line":46,"column":78},"end":{"line":46,"column":80}}],"line":46},"13":{"loc":{"start":{"line":46,"column":87},"end":{"line":46,"column":96}},"type":"binary-expr","locations":[{"start":{"line":46,"column":87},"end":{"line":46,"column":92}},{"start":{"line":46,"column":94},"end":{"line":46,"column":96}}],"line":46},"14":{"loc":{"start":{"line":49,"column":30},"end":{"line":49,"column":39}},"type":"binary-expr","locations":[{"start":{"line":49,"column":30},"end":{"line":49,"column":35}},{"start":{"line":49,"column":37},"end":{"line":49,"column":39}}],"line":49},"15":{"loc":{"start":{"line":49,"column":46},"end":{"line":49,"column":55}},"type":"binary-expr","locations":[{"start":{"line":49,"column":46},"end":{"line":49,"column":51}},{"start":{"line":49,"column":53},"end":{"line":49,"column":55}}],"line":49},"16":{"loc":{"start":{"line":55,"column":4},"end":{"line":55,"column":29}},"type":"if","locations":[{"start":{"line":55,"column":4},"end":{"line":55,"column":29}},{"start":{},"end":{}}],"line":55},"17":{"loc":{"start":{"line":55,"column":8},"end":{"line":55,"column":20}},"type":"binary-expr","locations":[{"start":{"line":55,"column":8},"end":{"line":55,"column":10}},{"start":{"line":55,"column":14},"end":{"line":55,"column":20}}],"line":55}},"s":{"0":25,"1":25,"2":9,"3":16,"4":16,"5":149,"6":133,"7":16,"8":16,"9":149,"10":149,"11":149,"12":149,"13":16,"14":1,"15":48,"16":48,"17":48,"18":48,"19":48,"20":15,"21":15,"22":15,"23":15,"24":48,"25":47,"26":48,"27":43,"28":199,"29":48,"30":48,"31":48,"32":48,"33":5,"34":5,"35":43,"36":48,"37":4,"38":4,"39":36,"40":48,"41":1,"42":1,"43":7,"44":48,"45":1,"46":48,"47":199,"48":48,"49":404,"50":48,"51":1,"52":1,"53":48,"54":5,"55":5,"56":4,"57":1,"58":1,"59":1,"60":1,"61":48},"f":{"0":25,"1":149,"2":133,"3":48,"4":15,"5":47,"6":43,"7":199,"8":5,"9":5,"10":43,"11":4,"12":4,"13":36,"14":1,"15":1,"16":7,"17":1,"18":199,"19":404,"20":1,"21":1,"22":5,"23":1},"b":{"0":[9,16],"1":[25,18],"2":[22,127],"3":[15,0],"4":[15,0],"5":[15,0],"6":[15,0],"7":[15,0],"8":[48,15],"9":[5,38],"10":[5,2],"11":[4,32],"12":[1,0],"13":[1,0],"14":[48,0],"15":[48,0],"16":[4,1],"17":[5,2]},"_coverageSchema":"1a1c01bbd47fc00a2c39e90264f33305004495a9","hash":"34c787223905bb04e72f61cdc41d9fb161516391"}
,"C:\\New folder (13)\\moneygram\\src\\features\\exchange\\hooks\\useExchangeCalculation.js": {"path":"C:\\New folder (13)\\moneygram\\src\\features\\exchange\\hooks\\useExchangeCalculation.js","statementMap":{"0":{"start":{"line":4,"column":29},"end":{"line":5,"column":49}},"1":{"start":{"line":5,"column":2},"end":{"line":5,"column":49}},"2":{"start":{"line":7,"column":38},"end":{"line":99,"column":1}},"3":{"start":{"line":15,"column":38},"end":{"line":15,"column":52}},"4":{"start":{"line":16,"column":38},"end":{"line":16,"column":50}},"5":{"start":{"line":17,"column":44},"end":{"line":17,"column":59}},"6":{"start":{"line":18,"column":38},"end":{"line":18,"column":72}},"7":{"start":{"line":19,"column":48},"end":{"line":19,"column":60}},"8":{"start":{"line":24,"column":2},"end":{"line":26,"column":23}},"9":{"start":{"line":25,"column":4},"end":{"line":25,"column":47}},"10":{"start":{"line":25,"column":24},"end":{"line":25,"column":47}},"11":{"start":{"line":29,"column":24},"end":{"line":38,"column":59}},"12":{"start":{"line":30,"column":4},"end":{"line":30,"column":33}},"13":{"start":{"line":30,"column":21},"end":{"line":30,"column":33}},"14":{"start":{"line":31,"column":4},"end":{"line":34,"column":5}},"15":{"start":{"line":32,"column":16},"end":{"line":32,"column":38}},"16":{"start":{"line":33,"column":6},"end":{"line":33,"column":43}},"17":{"start":{"line":35,"column":4},"end":{"line":35,"column":71}},"18":{"start":{"line":35,"column":33},"end":{"line":35,"column":71}},"19":{"start":{"line":36,"column":4},"end":{"line":36,"column":69}},"20":{"start":{"line":36,"column":32},"end":{"line":36,"column":69}},"21":{"start":{"line":37,"column":4},"end":{"line":37,"column":16}},"22":{"start":{"line":41,"column":26},"end":{"line":62,"column":47}},"23":{"start":{"line":42,"column":4},"end":{"line":42,"column":58}},"24":{"start":{"line":42,"column":46},"end":{"line":42,"column":58}},"25":{"start":{"line":43,"column":4},"end":{"line":43,"column":52}},"26":{"start":{"line":43,"column":40},"end":{"line":43,"column":52}},"27":{"start":{"line":45,"column":25},"end":{"line":45,"column":26}},"28":{"start":{"line":46,"column":4},"end":{"line":50,"column":5}},"29":{"start":{"line":49,"column":6},"end":{"line":49,"column":65}},"30":{"start":{"line":51,"column":4},"end":{"line":55,"column":5}},"31":{"start":{"line":54,"column":6},"end":{"line":54,"column":65}},"32":{"start":{"line":57,"column":4},"end":{"line":61,"column":6}},"33":{"start":{"line":66,"column":24},"end":{"line":69,"column":32}},"34":{"start":{"line":67,"column":4},"end":{"line":67,"column":49}},"35":{"start":{"line":67,"column":40},"end":{"line":67,"column":49}},"36":{"start":{"line":68,"column":4},"end":{"line":68,"column":99}},"37":{"start":{"line":72,"column":2},"end":{"line":82,"column":79}},"38":{"start":{"line":73,"column":4},"end":{"line":73,"column":33}},"39":{"start":{"line":73,"column":26},"end":{"line":73,"column":33}},"40":{"start":{"line":74,"column":4},"end":{"line":81,"column":7}},"41":{"start":{"line":84,"column":2},"end":{"line":98,"column":4}}},"fnMap":{"0":{"name":"(anonymous_0)","decl":{"start":{"line":4,"column":29},"end":{"line":4,"column":30}},"loc":{"start":{"line":5,"column":2},"end":{"line":5,"column":49}},"line":5},"1":{"name":"(anonymous_1)","decl":{"start":{"line":7,"column":38},"end":{"line":7,"column":39}},"loc":{"start":{"line":13,"column":6},"end":{"line":99,"column":1}},"line":13},"2":{"name":"(anonymous_2)","decl":{"start":{"line":24,"column":12},"end":{"line":24,"column":13}},"loc":{"start":{"line":24,"column":18},"end":{"line":26,"column":3}},"line":24},"3":{"name":"(anonymous_3)","decl":{"start":{"line":29,"column":32},"end":{"line":29,"column":33}},"loc":{"start":{"line":29,"column":38},"end":{"line":38,"column":3}},"line":29},"4":{"name":"(anonymous_4)","decl":{"start":{"line":41,"column":34},"end":{"line":41,"column":35}},"loc":{"start":{"line":41,"column":40},"end":{"line":62,"column":3}},"line":41},"5":{"name":"(anonymous_5)","decl":{"start":{"line":66,"column":32},"end":{"line":66,"column":33}},"loc":{"start":{"line":66,"column":38},"end":{"line":69,"column":3}},"line":66},"6":{"name":"(anonymous_6)","decl":{"start":{"line":72,"column":12},"end":{"line":72,"column":13}},"loc":{"start":{"line":72,"column":18},"end":{"line":82,"column":3}},"line":72}},"branchMap":{"0":{"loc":{"start":{"line":18,"column":47},"end":{"line":18,"column":71}},"type":"binary-expr","locations":[{"start":{"line":18,"column":47},"end":{"line":18,"column":65}},{"start":{"line":18,"column":69},"end":{"line":18,"column":71}}],"line":18},"1":{"loc":{"start":{"line":25,"column":4},"end":{"line":25,"column":47}},"type":"if","locations":[{"start":{"line":25,"column":4},"end":{"line":25,"column":47}},{"start":{},"end":{}}],"line":25},"2":{"loc":{"start":{"line":30,"column":4},"end":{"line":30,"column":33}},"type":"if","locations":[{"start":{"line":30,"column":4},"end":{"line":30,"column":33}},{"start":{},"end":{}}],"line":30},"3":{"loc":{"start":{"line":31,"column":4},"end":{"line":34,"column":5}},"type":"if","locations":[{"start":{"line":31,"column":4},"end":{"line":34,"column":5}},{"start":{},"end":{}}],"line":31},"4":{"loc":{"start":{"line":33,"column":13},"end":{"line":33,"column":42}},"type":"cond-expr","locations":[{"start":{"line":33,"column":34},"end":{"line":33,"column":35}},{"start":{"line":33,"column":38},"end":{"line":33,"column":42}}],"line":33},"5":{"loc":{"start":{"line":33,"column":13},"end":{"line":33,"column":31}},"type":"binary-expr","locations":[{"start":{"line":33,"column":13},"end":{"line":33,"column":22}},{"start":{"line":33,"column":26},"end":{"line":33,"column":31}}],"line":33},"6":{"loc":{"start":{"line":35,"column":4},"end":{"line":35,"column":71}},"type":"if","locations":[{"start":{"line":35,"column":4},"end":{"line":35,"column":71}},{"start":{},"end":{}}],"line":35},"7":{"loc":{"start":{"line":35,"column":40},"end":{"line":35,"column":70}},"type":"binary-expr","locations":[{"start":{"line":35,"column":40},"end":{"line":35,"column":62}},{"start":{"line":35,"column":66},"end":{"line":35,"column":70}}],"line":35},"8":{"loc":{"start":{"line":36,"column":4},"end":{"line":36,"column":69}},"type":"if","locations":[{"start":{"line":36,"column":4},"end":{"line":36,"column":69}},{"start":{},"end":{}}],"line":36},"9":{"loc":{"start":{"line":36,"column":39},"end":{"line":36,"column":68}},"type":"binary-expr","locations":[{"start":{"line":36,"column":39},"end":{"line":36,"column":60}},{"start":{"line":36,"column":64},"end":{"line":36,"column":68}}],"line":36},"10":{"loc":{"start":{"line":42,"column":4},"end":{"line":42,"column":58}},"type":"if","locations":[{"start":{"line":42,"column":4},"end":{"line":42,"column":58}},{"start":{},"end":{}}],"line":42},"11":{"loc":{"start":{"line":42,"column":8},"end":{"line":42,"column":44}},"type":"binary-expr","locations":[{"start":{"line":42,"column":8},"end":{"line":42,"column":22}},{"start":{"line":42,"column":26},"end":{"line":42,"column":44}}],"line":42},"12":{"loc":{"start":{"line":43,"column":4},"end":{"line":43,"column":52}},"type":"if","locations":[{"start":{"line":43,"column":4},"end":{"line":43,"column":52}},{"start":{},"end":{}}],"line":43},"13":{"loc":{"start":{"line":43,"column":8},"end":{"line":43,"column":38}},"type":"binary-expr","locations":[{"start":{"line":43,"column":8},"end":{"line":43,"column":19}},{"start":{"line":43,"column":23},"end":{"line":43,"column":38}}],"line":43},"14":{"loc":{"start":{"line":46,"column":4},"end":{"line":50,"column":5}},"type":"if","locations":[{"start":{"line":46,"column":4},"end":{"line":50,"column":5}},{"start":{},"end":{}}],"line":46},"15":{"loc":{"start":{"line":51,"column":4},"end":{"line":55,"column":5}},"type":"if","locations":[{"start":{"line":51,"column":4},"end":{"line":55,"column":5}},{"start":{},"end":{}}],"line":51},"16":{"loc":{"start":{"line":67,"column":4},"end":{"line":67,"column":49}},"type":"if","locations":[{"start":{"line":67,"column":4},"end":{"line":67,"column":49}},{"start":{},"end":{}}],"line":67},"17":{"loc":{"start":{"line":67,"column":8},"end":{"line":67,"column":38}},"type":"binary-expr","locations":[{"start":{"line":67,"column":8},"end":{"line":67,"column":19}},{"start":{"line":67,"column":23},"end":{"line":67,"column":38}}],"line":67},"18":{"loc":{"start":{"line":68,"column":11},"end":{"line":68,"column":98}},"type":"cond-expr","locations":[{"start":{"line":68,"column":36},"end":{"line":68,"column":73}},{"start":{"line":68,"column":76},"end":{"line":68,"column":98}}],"line":68},"19":{"loc":{"start":{"line":73,"column":4},"end":{"line":73,"column":33}},"type":"if","locations":[{"start":{"line":73,"column":4},"end":{"line":73,"column":33}},{"start":{},"end":{}}],"line":73},"20":{"loc":{"start":{"line":77,"column":20},"end":{"line":77,"column":46}},"type":"binary-expr","locations":[{"start":{"line":77,"column":20},"end":{"line":77,"column":41}},{"start":{"line":77,"column":45},"end":{"line":77,"column":46}}],"line":77},"21":{"loc":{"start":{"line":78,"column":20},"end":{"line":78,"column":51}},"type":"binary-expr","locations":[{"start":{"line":78,"column":20},"end":{"line":78,"column":46}},{"start":{"line":78,"column":50},"end":{"line":78,"column":51}}],"line":78},"22":{"loc":{"start":{"line":79,"column":24},"end":{"line":79,"column":46}},"type":"binary-expr","locations":[{"start":{"line":79,"column":24},"end":{"line":79,"column":40}},{"start":{"line":79,"column":44},"end":{"line":79,"column":46}}],"line":79}},"s":{"0":1,"1":29,"2":1,"3":42,"4":42,"5":42,"6":42,"7":42,"8":42,"9":20,"10":1,"11":42,"12":37,"13":21,"14":16,"15":7,"16":7,"17":9,"18":2,"19":7,"20":7,"21":0,"22":42,"23":36,"24":24,"25":12,"26":4,"27":8,"28":8,"29":7,"30":8,"31":1,"32":8,"33":42,"34":32,"35":21,"36":11,"37":42,"38":37,"39":2,"40":35,"41":42},"f":{"0":29,"1":42,"2":20,"3":37,"4":36,"5":32,"6":37},"b":{"0":[42,41],"1":[1,19],"2":[21,16],"3":[7,9],"4":[3,4],"5":[7,5],"6":[2,7],"7":[2,0],"8":[7,0],"9":[7,0],"10":[24,12],"11":[36,12],"12":[4,8],"13":[12,8],"14":[7,1],"15":[1,7],"16":[21,11],"17":[32,11],"18":[9,2],"19":[2,35],"20":[35,28],"21":[35,28],"22":[35,23]},"_coverageSchema":"1a1c01bbd47fc00a2c39e90264f33305004495a9","hash":"2d10a8b1ee8cd4c37025289b6e16b33657797512"}
,"C:\\New folder (13)\\moneygram\\src\\hooks\\useStockValidation.js": {"path":"C:\\New folder (13)\\moneygram\\src\\hooks\\useStockValidation.js","statementMap":{"0":{"start":{"line":4,"column":2},"end":{"line":4,"column":118}},"1":{"start":{"line":17,"column":2},"end":{"line":17,"column":66}},"2":{"start":{"line":17,"column":40},"end":{"line":17,"column":66}},"3":{"start":{"line":19,"column":18},"end":{"line":19,"column":74}},"4":{"start":{"line":19,"column":48},"end":{"line":19,"column":72}},"5":{"start":{"line":21,"column":14},"end":{"line":28,"column":4}},"6":{"start":{"line":30,"column":2},"end":{"line":30,"column":66}},"7":{"start":{"line":30,"column":15},"end":{"line":30,"column":66}},"8":{"start":{"line":32,"column":15},"end":{"line":32,"column":31}},"9":{"start":{"line":33,"column":15},"end":{"line":33,"column":34}},"10":{"start":{"line":36,"column":17},"end":{"line":36,"column":19}},"11":{"start":{"line":37,"column":2},"end":{"line":39,"column":5}},"12":{"start":{"line":38,"column":4},"end":{"line":38,"column":62}},"13":{"start":{"line":42,"column":21},"end":{"line":44,"column":3}},"14":{"start":{"line":43,"column":14},"end":{"line":43,"column":86}},"15":{"start":{"line":46,"column":2},"end":{"line":46,"column":32}}},"fnMap":{"0":{"name":"validateStockAvailability","decl":{"start":{"line":16,"column":22},"end":{"line":16,"column":47}},"loc":{"start":{"line":16,"column":81},"end":{"line":47,"column":1}},"line":16},"1":{"name":"(anonymous_1)","decl":{"start":{"line":19,"column":32},"end":{"line":19,"column":33}},"loc":{"start":{"line":19,"column":48},"end":{"line":19,"column":72}},"line":19},"2":{"name":"(anonymous_2)","decl":{"start":{"line":37,"column":15},"end":{"line":37,"column":16}},"loc":{"start":{"line":37,"column":46},"end":{"line":39,"column":3}},"line":37},"3":{"name":"(anonymous_3)","decl":{"start":{"line":43,"column":4},"end":{"line":43,"column":5}},"loc":{"start":{"line":43,"column":14},"end":{"line":43,"column":86}},"line":43}},"branchMap":{"0":{"loc":{"start":{"line":17,"column":2},"end":{"line":17,"column":66}},"type":"if","locations":[{"start":{"line":17,"column":2},"end":{"line":17,"column":66}},{"start":{},"end":{}}],"line":17},"1":{"loc":{"start":{"line":17,"column":6},"end":{"line":17,"column":38}},"type":"binary-expr","locations":[{"start":{"line":17,"column":6},"end":{"line":17,"column":24}},{"start":{"line":17,"column":28},"end":{"line":17,"column":38}}],"line":17},"2":{"loc":{"start":{"line":30,"column":2},"end":{"line":30,"column":66}},"type":"if","locations":[{"start":{"line":30,"column":2},"end":{"line":30,"column":66}},{"start":{},"end":{}}],"line":30},"3":{"loc":{"start":{"line":33,"column":15},"end":{"line":33,"column":34}},"type":"binary-expr","locations":[{"start":{"line":33,"column":15},"end":{"line":33,"column":28}},{"start":{"line":33,"column":32},"end":{"line":33,"column":34}}],"line":33},"4":{"loc":{"start":{"line":38,"column":25},"end":{"line":38,"column":47}},"type":"binary-expr","locations":[{"start":{"line":38,"column":25},"end":{"line":38,"column":42}},{"start":{"line":38,"column":46},"end":{"line":38,"column":47}}],"line":38},"5":{"loc":{"start":{"line":43,"column":14},"end":{"line":43,"column":86}},"type":"binary-expr","locations":[{"start":{"line":43,"column":14},"end":{"line":43,"column":65}},{"start":{"line":43,"column":69},"end":{"line":43,"column":86}}],"line":43}},"s":{"0":1,"1":10,"2":3,"3":7,"4":19,"5":7,"6":7,"7":1,"8":6,"9":6,"10":6,"11":6,"12":8,"13":6,"14":16,"15":6},"f":{"0":10,"1":19,"2":8,"3":16},"b":{"0":[3,7],"1":[10,8],"2":[1,6],"3":[6,0],"4":[8,8],"5":[16,8]},"_coverageSchema":"1a1c01bbd47fc00a2c39e90264f33305004495a9","hash":"4cec871d354edddb9bae885b59ab510baa885695"}
}
