TN:
SF:src\__tests__\fixtures\dealerFixtures.js
FN:145,(anonymous_0)
FNF:1
FNH:0
FNDA:0,(anonymous_0)
DA:8,4
DA:18,4
DA:24,4
DA:33,4
DA:42,4
DA:45,4
DA:56,4
DA:67,4
DA:77,4
DA:83,4
DA:90,4
DA:115,4
DA:145,4
DA:159,4
DA:168,4
LF:15
LH:15
BRDA:145,0,0,0
BRDA:148,1,0,0
BRDA:148,1,1,0
BRF:3
BRH:0
end_of_record
TN:
SF:src\context\ExchangeContext.jsx
FN:5,(anonymous_0)
FN:15,(anonymous_1)
FN:49,(anonymous_2)
FNF:3
FNH:3
FNDA:7,(anonymous_0)
FNDA:7,(anonymous_1)
FNDA:9,(anonymous_2)
DA:3,1
DA:5,1
DA:14,7
DA:15,7
DA:16,7
DA:17,7
DA:18,7
DA:20,7
DA:22,7
DA:23,7
DA:26,7
DA:30,7
DA:42,7
DA:49,1
DA:50,9
DA:51,9
DA:52,2
DA:54,7
LF:18
LH:18
BRDA:8,0,0,6
BRDA:16,1,0,7
BRDA:16,1,1,1
BRDA:17,2,0,7
BRDA:17,2,1,1
BRDA:18,3,0,7
BRDA:18,3,1,1
BRDA:26,4,0,5
BRDA:26,4,1,2
BRDA:51,5,0,2
BRDA:51,5,1,7
BRF:11
BRH:11
end_of_record
TN:
SF:src\context\UserContext.jsx
FN:5,(anonymous_0)
FN:6,(anonymous_1)
FN:15,(anonymous_2)
FN:31,useUser
FNF:4
FNH:0
FNDA:0,(anonymous_0)
FNDA:0,(anonymous_1)
FNDA:0,(anonymous_2)
FNDA:0,useUser
DA:3,1
DA:5,1
DA:6,0
DA:7,0
DA:8,0
DA:9,0
DA:11,0
DA:15,0
DA:16,0
DA:17,0
DA:18,0
DA:20,0
DA:24,0
DA:32,0
DA:33,0
DA:34,0
DA:36,0
LF:17
LH:2
BRDA:9,0,0,0
BRDA:9,0,1,0
BRDA:17,1,0,0
BRDA:17,1,1,0
BRDA:33,2,0,0
BRDA:33,2,1,0
BRF:6
BRH:0
end_of_record
TN:
SF:src\features\exchange\hooks\useDenominationCalculator.js
FN:3,buildRows
FN:7,(anonymous_1)
FN:7,(anonymous_2)
FN:17,(anonymous_3)
FN:23,(anonymous_4)
FN:31,(anonymous_5)
FN:33,(anonymous_6)
FN:33,(anonymous_7)
FN:38,(anonymous_8)
FN:39,(anonymous_9)
FN:39,(anonymous_10)
FN:41,(anonymous_11)
FN:42,(anonymous_12)
FN:42,(anonymous_13)
FN:44,(anonymous_14)
FN:44,(anonymous_15)
FN:44,(anonymous_16)
FN:46,(anonymous_17)
FN:48,(anonymous_18)
FN:49,(anonymous_19)
FN:51,(anonymous_20)
FN:51,(anonymous_21)
FN:53,(anonymous_22)
FN:56,(anonymous_23)
FNF:24
FNH:24
FNDA:25,buildRows
FNDA:149,(anonymous_1)
FNDA:133,(anonymous_2)
FNDA:48,(anonymous_3)
FNDA:15,(anonymous_4)
FNDA:47,(anonymous_5)
FNDA:43,(anonymous_6)
FNDA:199,(anonymous_7)
FNDA:5,(anonymous_8)
FNDA:5,(anonymous_9)
FNDA:43,(anonymous_10)
FNDA:4,(anonymous_11)
FNDA:4,(anonymous_12)
FNDA:36,(anonymous_13)
FNDA:1,(anonymous_14)
FNDA:1,(anonymous_15)
FNDA:7,(anonymous_16)
FNDA:1,(anonymous_17)
FNDA:199,(anonymous_18)
FNDA:404,(anonymous_19)
FNDA:1,(anonymous_20)
FNDA:1,(anonymous_21)
FNDA:5,(anonymous_22)
FNDA:1,(anonymous_23)
DA:4,25
DA:5,25
DA:6,16
DA:7,149
DA:8,16
DA:9,149
DA:10,149
DA:11,149
DA:12,149
DA:14,16
DA:17,1
DA:18,48
DA:19,48
DA:20,48
DA:21,48
DA:23,48
DA:24,15
DA:25,15
DA:26,15
DA:27,15
DA:31,48
DA:33,199
DA:34,48
DA:35,48
DA:36,48
DA:38,48
DA:39,43
DA:41,48
DA:42,36
DA:44,48
DA:46,48
DA:48,199
DA:49,404
DA:51,48
DA:53,48
DA:54,5
DA:55,5
DA:56,1
DA:57,1
DA:58,1
DA:61,48
LF:41
LH:41
BRDA:5,0,0,9
BRDA:5,0,1,16
BRDA:5,1,0,25
BRDA:5,1,1,18
BRDA:11,2,0,22
BRDA:11,2,1,127
BRDA:24,3,0,15
BRDA:24,3,1,0
BRDA:24,4,0,15
BRDA:24,4,1,0
BRDA:25,5,0,15
BRDA:25,5,1,0
BRDA:27,6,0,15
BRDA:27,6,1,0
BRDA:27,7,0,15
BRDA:27,7,1,0
BRDA:34,8,0,48
BRDA:34,8,1,15
BRDA:39,9,0,5
BRDA:39,9,1,38
BRDA:39,10,0,5
BRDA:39,10,1,2
BRDA:42,11,0,4
BRDA:42,11,1,32
BRDA:46,12,0,1
BRDA:46,12,1,0
BRDA:46,13,0,1
BRDA:46,13,1,0
BRDA:49,14,0,48
BRDA:49,14,1,0
BRDA:49,15,0,48
BRDA:49,15,1,0
BRDA:55,16,0,4
BRDA:55,16,1,1
BRDA:55,17,0,5
BRDA:55,17,1,2
BRF:36
BRH:27
end_of_record
TN:
SF:src\features\exchange\hooks\useExchangeCalculation.js
FN:4,(anonymous_0)
FN:7,(anonymous_1)
FN:24,(anonymous_2)
FN:29,(anonymous_3)
FN:41,(anonymous_4)
FN:66,(anonymous_5)
FN:72,(anonymous_6)
FNF:7
FNH:7
FNDA:29,(anonymous_0)
FNDA:42,(anonymous_1)
FNDA:20,(anonymous_2)
FNDA:37,(anonymous_3)
FNDA:36,(anonymous_4)
FNDA:32,(anonymous_5)
FNDA:37,(anonymous_6)
DA:4,1
DA:5,29
DA:7,1
DA:15,42
DA:16,42
DA:17,42
DA:18,42
DA:19,42
DA:24,42
DA:25,20
DA:29,42
DA:30,37
DA:31,16
DA:32,7
DA:33,7
DA:35,9
DA:36,7
DA:37,0
DA:41,42
DA:42,36
DA:43,12
DA:45,8
DA:46,8
DA:49,7
DA:51,8
DA:54,1
DA:57,8
DA:66,42
DA:67,32
DA:68,11
DA:72,42
DA:73,37
DA:74,35
DA:84,42
LF:34
LH:33
BRDA:18,0,0,42
BRDA:18,0,1,41
BRDA:25,1,0,1
BRDA:25,1,1,19
BRDA:30,2,0,21
BRDA:30,2,1,16
BRDA:31,3,0,7
BRDA:31,3,1,9
BRDA:33,4,0,3
BRDA:33,4,1,4
BRDA:33,5,0,7
BRDA:33,5,1,5
BRDA:35,6,0,2
BRDA:35,6,1,7
BRDA:35,7,0,2
BRDA:35,7,1,0
BRDA:36,8,0,7
BRDA:36,8,1,0
BRDA:36,9,0,7
BRDA:36,9,1,0
BRDA:42,10,0,24
BRDA:42,10,1,12
BRDA:42,11,0,36
BRDA:42,11,1,12
BRDA:43,12,0,4
BRDA:43,12,1,8
BRDA:43,13,0,12
BRDA:43,13,1,8
BRDA:46,14,0,7
BRDA:46,14,1,1
BRDA:51,15,0,1
BRDA:51,15,1,7
BRDA:67,16,0,21
BRDA:67,16,1,11
BRDA:67,17,0,32
BRDA:67,17,1,11
BRDA:68,18,0,9
BRDA:68,18,1,2
BRDA:73,19,0,2
BRDA:73,19,1,35
BRDA:77,20,0,35
BRDA:77,20,1,28
BRDA:78,21,0,35
BRDA:78,21,1,28
BRDA:79,22,0,35
BRDA:79,22,1,23
BRF:46
BRH:43
end_of_record
TN:
SF:src\hooks\useStockValidation.js
FN:16,validateStockAvailability
FN:19,(anonymous_1)
FN:37,(anonymous_2)
FN:43,(anonymous_3)
FNF:4
FNH:4
FNDA:10,validateStockAvailability
FNDA:19,(anonymous_1)
FNDA:8,(anonymous_2)
FNDA:16,(anonymous_3)
DA:4,1
DA:17,10
DA:19,19
DA:21,7
DA:30,7
DA:32,6
DA:33,6
DA:36,6
DA:37,6
DA:38,8
DA:42,6
DA:43,16
DA:46,6
LF:13
LH:13
BRDA:17,0,0,3
BRDA:17,0,1,7
BRDA:17,1,0,10
BRDA:17,1,1,8
BRDA:30,2,0,1
BRDA:30,2,1,6
BRDA:33,3,0,6
BRDA:33,3,1,0
BRDA:38,4,0,8
BRDA:38,4,1,8
BRDA:43,5,0,16
BRDA:43,5,1,8
BRF:12
BRH:11
end_of_record
